# JRE version: OpenJDK Runtime Environment (21.0.4) (build 21.0.4+-12508038-b607.1)
# Java VM: OpenJDK 64-Bit Server VM (21.0.4+-12508038-b607.1, mixed mode, tiered, compressed oops, compressed class ptrs, g1 gc, windows-amd64)
GC Precious Log:
 CardTable entry size: 512
 Card Set container configuration: InlinePtr #cards 5 size 8 Array Of Cards #cards 12 size 40 Howl #buckets 4 coarsen threshold 1843 Howl Bitmap #cards 512 size 80 coarsen threshold 460 Card regions per heap region 1 cards per card region 2048
 CPUs: 8 total, 8 available
 Memory: 8086M
 Large Page Support: Disabled
 NUMA Support: Disabled
 Compressed Oops: Enabled (32-bit)
 Heap Region Size: 1M
 Heap Min Capacity: 8M
 Heap Initial Capacity: 128M
 Heap Max Capacity: 2G
 Pre-touch: Disabled
 Parallel Workers: 8
 Concurrent Workers: 2
 Concurrent Refinement Workers: 8
 Periodic GC: Disabled
Heap:
 garbage-first heap   total 504832K, used 387920K [0x0000000080000000, 0x0000000100000000)
  region size 1024K, 246 young (251904K), 16 survivors (16384K)
 Metaspace       used 161856K, committed 164288K, reserved 1245184K
  class space    used 20769K, committed 22464K, reserved 1048576K
GC Heap History (20 events):
Event: 7070.497 GC heap before
{Heap before GC invocations=145 (full 1):
 garbage-first heap   total 408576K, used 394968K [0x0000000080000000, 0x0000000100000000)
  region size 1024K, 237 young (242688K), 23 survivors (23552K)
 Metaspace       used 160630K, committed 164288K, reserved 1245184K
  class space    used 20739K, committed 22464K, reserved 1048576K
}
Event: 7070.740 GC heap after
{Heap after GC invocations=146 (full 1):
 garbage-first heap   total 439296K, used 155249K [0x0000000080000000, 0x0000000100000000)
  region size 1024K, 28 young (28672K), 28 survivors (28672K)
 Metaspace       used 160630K, committed 164288K, reserved 1245184K
  class space    used 20739K, committed 22464K, reserved 1048576K
}
Event: 7070.873 GC heap before
{Heap before GC invocations=146 (full 1):
 garbage-first heap   total 439296K, used 167537K [0x0000000080000000, 0x0000000100000000)
  region size 1024K, 41 young (41984K), 28 survivors (28672K)
 Metaspace       used 160630K, committed 164288K, reserved 1245184K
  class space    used 20739K, committed 22464K, reserved 1048576K
}
Event: 7070.977 GC heap after
{Heap after GC invocations=147 (full 1):
 garbage-first heap   total 439296K, used 164916K [0x0000000080000000, 0x0000000100000000)
  region size 1024K, 11 young (11264K), 11 survivors (11264K)
 Metaspace       used 160630K, committed 164288K, reserved 1245184K
  class space    used 20739K, committed 22464K, reserved 1048576K
}
Event: 7203.371 GC heap before
{Heap before GC invocations=148 (full 1):
 garbage-first heap   total 439296K, used 419892K [0x0000000080000000, 0x0000000100000000)
  region size 1024K, 229 young (234496K), 11 survivors (11264K)
 Metaspace       used 160700K, committed 164288K, reserved 1245184K
  class space    used 20730K, committed 22464K, reserved 1048576K
}
Event: 7203.479 GC heap after
{Heap after GC invocations=149 (full 1):
 garbage-first heap   total 439296K, used 155653K [0x0000000080000000, 0x0000000100000000)
  region size 1024K, 6 young (6144K), 6 survivors (6144K)
 Metaspace       used 160700K, committed 164288K, reserved 1245184K
  class space    used 20730K, committed 22464K, reserved 1048576K
}
Event: 7271.510 GC heap before
{Heap before GC invocations=149 (full 1):
 garbage-first heap   total 439296K, used 430085K [0x0000000080000000, 0x0000000100000000)
  region size 1024K, 241 young (246784K), 6 survivors (6144K)
 Metaspace       used 160892K, committed 164288K, reserved 1245184K
  class space    used 20735K, committed 22464K, reserved 1048576K
}
Event: 7271.693 GC heap after
{Heap after GC invocations=150 (full 1):
 garbage-first heap   total 445440K, used 155249K [0x0000000080000000, 0x0000000100000000)
  region size 1024K, 10 young (10240K), 10 survivors (10240K)
 Metaspace       used 160892K, committed 164288K, reserved 1245184K
  class space    used 20735K, committed 22464K, reserved 1048576K
}
Event: 7275.579 GC heap before
{Heap before GC invocations=150 (full 1):
 garbage-first heap   total 445440K, used 194161K [0x0000000080000000, 0x0000000100000000)
  region size 1024K, 49 young (50176K), 10 survivors (10240K)
 Metaspace       used 161003K, committed 164288K, reserved 1245184K
  class space    used 20739K, committed 22464K, reserved 1048576K
}
Event: 7275.632 GC heap after
{Heap after GC invocations=151 (full 1):
 garbage-first heap   total 445440K, used 161120K [0x0000000080000000, 0x0000000100000000)
  region size 1024K, 16 young (16384K), 16 survivors (16384K)
 Metaspace       used 161003K, committed 164288K, reserved 1245184K
  class space    used 20739K, committed 22464K, reserved 1048576K
}
Event: 7389.344 GC heap before
{Heap before GC invocations=152 (full 1):
 garbage-first heap   total 453632K, used 450912K [0x0000000080000000, 0x0000000100000000)
  region size 1024K, 252 young (258048K), 16 survivors (16384K)
 Metaspace       used 161226K, committed 164288K, reserved 1245184K
  class space    used 20744K, committed 22464K, reserved 1048576K
}
Event: 7389.371 GC heap after
{Heap after GC invocations=153 (full 1):
 garbage-first heap   total 468992K, used 157431K [0x0000000080000000, 0x0000000100000000)
  region size 1024K, 15 young (15360K), 15 survivors (15360K)
 Metaspace       used 161226K, committed 164288K, reserved 1245184K
  class space    used 20744K, committed 22464K, reserved 1048576K
}
Event: 7436.300 GC heap before
{Heap before GC invocations=153 (full 1):
 garbage-first heap   total 468992K, used 456439K [0x0000000080000000, 0x0000000100000000)
  region size 1024K, 274 young (280576K), 15 survivors (15360K)
 Metaspace       used 161423K, committed 164288K, reserved 1245184K
  class space    used 20747K, committed 22464K, reserved 1048576K
}
Event: 7436.326 GC heap after
{Heap after GC invocations=154 (full 1):
 garbage-first heap   total 479232K, used 157596K [0x0000000080000000, 0x0000000100000000)
  region size 1024K, 19 young (19456K), 19 survivors (19456K)
 Metaspace       used 161423K, committed 164288K, reserved 1245184K
  class space    used 20747K, committed 22464K, reserved 1048576K
}
Event: 7498.097 GC heap before
{Heap before GC invocations=154 (full 1):
 garbage-first heap   total 479232K, used 476060K [0x0000000080000000, 0x0000000100000000)
  region size 1024K, 280 young (286720K), 19 survivors (19456K)
 Metaspace       used 161607K, committed 164288K, reserved 1245184K
  class space    used 20755K, committed 22464K, reserved 1048576K
}
Event: 7498.122 GC heap after
{Heap after GC invocations=155 (full 1):
 garbage-first heap   total 493568K, used 148799K [0x0000000080000000, 0x0000000100000000)
  region size 1024K, 13 young (13312K), 13 survivors (13312K)
 Metaspace       used 161607K, committed 164288K, reserved 1245184K
  class space    used 20755K, committed 22464K, reserved 1048576K
}
Event: 7498.310 GC heap before
{Heap before GC invocations=155 (full 1):
 garbage-first heap   total 493568K, used 166207K [0x0000000080000000, 0x0000000100000000)
  region size 1024K, 31 young (31744K), 13 survivors (13312K)
 Metaspace       used 161636K, committed 164288K, reserved 1245184K
  class space    used 20757K, committed 22464K, reserved 1048576K
}
Event: 7498.323 GC heap after
{Heap after GC invocations=156 (full 1):
 garbage-first heap   total 493568K, used 150657K [0x0000000080000000, 0x0000000100000000)
  region size 1024K, 15 young (15360K), 15 survivors (15360K)
 Metaspace       used 161636K, committed 164288K, reserved 1245184K
  class space    used 20757K, committed 22464K, reserved 1048576K
}
Event: 7876.218 GC heap before
{Heap before GC invocations=157 (full 1):
 garbage-first heap   total 493568K, used 486529K [0x0000000080000000, 0x0000000100000000)
  region size 1024K, 286 young (292864K), 15 survivors (15360K)
 Metaspace       used 161772K, committed 164288K, reserved 1245184K
  class space    used 20769K, committed 22464K, reserved 1048576K
}
Event: 7876.544 GC heap after
{Heap after GC invocations=158 (full 1):
 garbage-first heap   total 504832K, used 151376K [0x0000000080000000, 0x0000000100000000)
  region size 1024K, 16 young (16384K), 16 survivors (16384K)
 Metaspace       used 161772K, committed 164288K, reserved 1245184K
  class space    used 20769K, committed 22464K, reserved 1048576K
}

